# JRE version: Java(TM) SE Runtime Environment (8.0_66-b18) (build 1.8.0_66-b18)
# Java VM: Java HotSpot(TM) 64-Bit Server VM (25.66-b18 mixed mode windows-amd64 compressed oops)
Heap:
 PSYoungGen      total 210944K, used 38029K [0x00000000d5f80000, 0x00000000e9180000, 0x0000000100000000)
  eden space 194048K, 19% used [0x00000000d5f80000,0x00000000d84a35d8,0x00000000e1d00000)
  from space 16896K, 0% used [0x00000000e1d00000,0x00000000e1d00000,0x00000000e2d80000)
  to   space 17408K, 0% used [0x00000000e8080000,0x00000000e8080000,0x00000000e9180000)
 ParOldGen       total 86016K, used 22876K [0x0000000081e00000, 0x0000000087200000, 0x00000000d5f80000)
  object space 86016K, 26% used [0x0000000081e00000,0x00000000834573f0,0x0000000087200000)
 Metaspace       used 36634K, capacity 36922K, committed 37208K, reserved 1081344K
  class space    used 4640K, capacity 4723K, committed 4736K, reserved 1048576K
GC Heap History (10 events):
Event: 2.364 GC heap before
{Heap before GC invocations=7 (full 1):
 PSYoungGen      total 140288K, used 8692K [0x00000000d5f80000, 0x00000000df580000, 0x0000000100000000)
  eden space 131584K, 0% used [0x00000000d5f80000,0x00000000d5f80000,0x00000000de000000)
  from space 8704K, 99% used [0x00000000dea00000,0x00000000df27d100,0x00000000df280000)
  to   space 10240K, 0% used [0x00000000de000000,0x00000000de000000,0x00000000dea00000)
 ParOldGen       total 87552K, used 5479K [0x0000000081e00000, 0x0000000087380000, 0x00000000d5f80000)
  object space 87552K, 6% used [0x0000000081e00000,0x0000000082359e20,0x0000000087380000)
 Metaspace       used 20886K, capacity 21076K, committed 21248K, reserved 1067008K
  class space    used 2712K, capacity 2764K, committed 2816K, reserved 1048576K
Event: 2.410 GC heap after
Heap after GC invocations=7 (full 1):
 PSYoungGen      total 140288K, used 0K [0x00000000d5f80000, 0x00000000df580000, 0x0000000100000000)
  eden space 131584K, 0% used [0x00000000d5f80000,0x00000000d5f80000,0x00000000de000000)
  from space 8704K, 0% used [0x00000000dea00000,0x00000000dea00000,0x00000000df280000)
  to   space 10240K, 0% used [0x00000000de000000,0x00000000de000000,0x00000000dea00000)
 ParOldGen       total 59904K, used 9522K [0x0000000081e00000, 0x0000000085880000, 0x00000000d5f80000)
  object space 59904K, 15% used [0x0000000081e00000,0x000000008274cb30,0x0000000085880000)
 Metaspace       used 20886K, capacity 21076K, committed 21248K, reserved 1067008K
  class space    used 2712K, capacity 2764K, committed 2816K, reserved 1048576K
}
Event: 3.531 GC heap before
{Heap before GC invocations=8 (full 1):
 PSYoungGen      total 140288K, used 131584K [0x00000000d5f80000, 0x00000000df580000, 0x0000000100000000)
  eden space 131584K, 100% used [0x00000000d5f80000,0x00000000de000000,0x00000000de000000)
  from space 8704K, 0% used [0x00000000dea00000,0x00000000dea00000,0x00000000df280000)
  to   space 10240K, 0% used [0x00000000de000000,0x00000000de000000,0x00000000dea00000)
 ParOldGen       total 59904K, used 9522K [0x0000000081e00000, 0x0000000085880000, 0x00000000d5f80000)
  object space 59904K, 15% used [0x0000000081e00000,0x000000008274cb30,0x0000000085880000)
 Metaspace       used 28469K, capacity 28686K, committed 29056K, reserved 1075200K
  class space    used 3593K, capacity 3643K, committed 3712K, reserved 1048576K
Event: 3.541 GC heap after
Heap after GC invocations=8 (full 1):
 PSYoungGen      total 141824K, used 10218K [0x00000000d5f80000, 0x00000000e3c80000, 0x0000000100000000)
  eden space 131584K, 0% used [0x00000000d5f80000,0x00000000d5f80000,0x00000000de000000)
  from space 10240K, 99% used [0x00000000de000000,0x00000000de9fabb8,0x00000000dea00000)
  to   space 12288K, 0% used [0x00000000e3080000,0x00000000e3080000,0x00000000e3c80000)
 ParOldGen       total 59904K, used 10909K [0x0000000081e00000, 0x0000000085880000, 0x00000000d5f80000)
  object space 59904K, 18% used [0x0000000081e00000,0x00000000828a7598,0x0000000085880000)
 Metaspace       used 28469K, capacity 28686K, committed 29056K, reserved 1075200K
  class space    used 3593K, capacity 3643K, committed 3712K, reserved 1048576K
}
Event: 9.179 GC heap before
{Heap before GC invocations=9 (full 1):
 PSYoungGen      total 141824K, used 141802K [0x00000000d5f80000, 0x00000000e3c80000, 0x0000000100000000)
  eden space 131584K, 100% used [0x00000000d5f80000,0x00000000de000000,0x00000000de000000)
  from space 10240K, 99% used [0x00000000de000000,0x00000000de9fabb8,0x00000000dea00000)
  to   space 12288K, 0% used [0x00000000e3080000,0x00000000e3080000,0x00000000e3c80000)
 ParOldGen       total 59904K, used 10909K [0x0000000081e00000, 0x0000000085880000, 0x00000000d5f80000)
  object space 59904K, 18% used [0x0000000081e00000,0x00000000828a7598,0x0000000085880000)
 Metaspace       used 33967K, capacity 34304K, committed 34688K, reserved 1079296K
  class space    used 4303K, capacity 4404K, committed 4480K, reserved 1048576K
Event: 9.199 GC heap after
Heap after GC invocations=9 (full 1):
 PSYoungGen      total 206336K, used 12282K [0x00000000d5f80000, 0x00000000e3e00000, 0x0000000100000000)
  eden space 194048K, 0% used [0x00000000d5f80000,0x00000000d5f80000,0x00000000e1d00000)
  from space 12288K, 99% used [0x00000000e3080000,0x00000000e3c7e9f0,0x00000000e3c80000)
  to   space 16896K, 0% used [0x00000000e1d00000,0x00000000e1d00000,0x00000000e2d80000)
 ParOldGen       total 59904K, used 17447K [0x0000000081e00000, 0x0000000085880000, 0x00000000d5f80000)
  object space 59904K, 29% used [0x0000000081e00000,0x0000000082f09f10,0x0000000085880000)
 Metaspace       used 33967K, capacity 34304K, committed 34688K, reserved 1079296K
  class space    used 4303K, capacity 4404K, committed 4480K, reserved 1048576K
}
Event: 9.275 GC heap before
{Heap before GC invocations=10 (full 1):
 PSYoungGen      total 206336K, used 19339K [0x00000000d5f80000, 0x00000000e3e00000, 0x0000000100000000)
  eden space 194048K, 3% used [0x00000000d5f80000,0x00000000d6664590,0x00000000e1d00000)
  from space 12288K, 99% used [0x00000000e3080000,0x00000000e3c7e9f0,0x00000000e3c80000)
  to   space 16896K, 0% used [0x00000000e1d00000,0x00000000e1d00000,0x00000000e2d80000)
 ParOldGen       total 59904K, used 17447K [0x0000000081e00000, 0x0000000085880000, 0x00000000d5f80000)
  object space 59904K, 29% used [0x0000000081e00000,0x0000000082f09f10,0x0000000085880000)
 Metaspace       used 34708K, capacity 35072K, committed 35416K, reserved 1081344K
  class space    used 4386K, capacity 4468K, committed 4480K, reserved 1048576K
Event: 9.288 GC heap after
Heap after GC invocations=10 (full 1):
 PSYoungGen      total 210944K, used 12662K [0x00000000d5f80000, 0x00000000e9180000, 0x0000000100000000)
  eden space 194048K, 0% used [0x00000000d5f80000,0x00000000d5f80000,0x00000000e1d00000)
  from space 16896K, 74% used [0x00000000e1d00000,0x00000000e295d9b0,0x00000000e2d80000)
  to   space 17408K, 0% used [0x00000000e8080000,0x00000000e8080000,0x00000000e9180000)
 ParOldGen       total 59904K, used 17455K [0x0000000081e00000, 0x0000000085880000, 0x00000000d5f80000)
  object space 59904K, 29% used [0x0000000081e00000,0x0000000082f0bf10,0x0000000085880000)
 Metaspace       used 34708K, capacity 35072K, committed 35416K, reserved 1081344K
  class space    used 4386K, capacity 4468K, committed 4480K, reserved 1048576K
}
Event: 9.288 GC heap before
{Heap before GC invocations=11 (full 2):
 PSYoungGen      total 210944K, used 12662K [0x00000000d5f80000, 0x00000000e9180000, 0x0000000100000000)
  eden space 194048K, 0% used [0x00000000d5f80000,0x00000000d5f80000,0x00000000e1d00000)
  from space 16896K, 74% used [0x00000000e1d00000,0x00000000e295d9b0,0x00000000e2d80000)
  to   space 17408K, 0% used [0x00000000e8080000,0x00000000e8080000,0x00000000e9180000)
 ParOldGen       total 59904K, used 17455K [0x0000000081e00000, 0x0000000085880000, 0x00000000d5f80000)
  object space 59904K, 29% used [0x0000000081e00000,0x0000000082f0bf10,0x0000000085880000)
 Metaspace       used 34708K, capacity 35072K, committed 35416K, reserved 1081344K
  class space    used 4386K, capacity 4468K, committed 4480K, reserved 1048576K
Event: 9.355 GC heap after
Heap after GC invocations=11 (full 2):
 PSYoungGen      total 210944K, used 0K [0x00000000d5f80000, 0x00000000e9180000, 0x0000000100000000)
  eden space 194048K, 0% used [0x00000000d5f80000,0x00000000d5f80000,0x00000000e1d00000)
  from space 16896K, 0% used [0x00000000e1d00000,0x00000000e1d00000,0x00000000e2d80000)
  to   space 17408K, 0% used [0x00000000e8080000,0x00000000e8080000,0x00000000e9180000)
 ParOldGen       total 86016K, used 22876K [0x0000000081e00000, 0x0000000087200000, 0x00000000d5f80000)
  object space 86016K, 26% used [0x0000000081e00000,0x00000000834573f0,0x0000000087200000)
 Metaspace       used 34704K, capacity 35066K, committed 35416K, reserved 1081344K
  class space    used 4386K, capacity 4467K, committed 4480K, reserved 1048576K
}

