# JRE version: Java(TM) SE Runtime Environment (8.0_66-b18) (build 1.8.0_66-b18)
# Java VM: Java HotSpot(TM) 64-Bit Server VM (25.66-b18 mixed mode windows-amd64 compressed oops)
Heap:
 PSYoungGen      total 218624K, used 92284K [0x00000000d5f80000, 0x00000000e8080000, 0x0000000100000000)
  eden space 201216K, 45% used [0x00000000d5f80000,0x00000000db99f3e8,0x00000000e2400000)
  from space 17408K, 0% used [0x00000000e2400000,0x00000000e2400000,0x00000000e3500000)
  to   space 19456K, 0% used [0x00000000e6d80000,0x00000000e6d80000,0x00000000e8080000)
 ParOldGen       total 100864K, used 29114K [0x0000000081e00000, 0x0000000088080000, 0x00000000d5f80000)
  object space 100864K, 28% used [0x0000000081e00000,0x0000000083a6e9b8,0x0000000088080000)
 Metaspace       used 36710K, capacity 37050K, committed 37464K, reserved 1081344K
  class space    used 4640K, capacity 4723K, committed 4736K, reserved 1048576K
GC Heap History (10 events):
Event: 2.681 GC heap before
{Heap before GC invocations=7 (full 1):
 PSYoungGen      total 140800K, used 8677K [0x00000000d5f80000, 0x00000000df480000, 0x0000000100000000)
  eden space 132096K, 0% used [0x00000000d5f80000,0x00000000d5f80000,0x00000000de080000)
  from space 8704K, 99% used [0x00000000dea00000,0x00000000df279590,0x00000000df280000)
  to   space 9728K, 0% used [0x00000000de080000,0x00000000de080000,0x00000000dea00000)
 ParOldGen       total 87552K, used 5206K [0x0000000081e00000, 0x0000000087380000, 0x00000000d5f80000)
  object space 87552K, 5% used [0x0000000081e00000,0x0000000082315910,0x0000000087380000)
 Metaspace       used 20883K, capacity 21076K, committed 21248K, reserved 1067008K
  class space    used 2708K, capacity 2764K, committed 2816K, reserved 1048576K
Event: 2.722 GC heap after
Heap after GC invocations=7 (full 1):
 PSYoungGen      total 140800K, used 0K [0x00000000d5f80000, 0x00000000df480000, 0x0000000100000000)
  eden space 132096K, 0% used [0x00000000d5f80000,0x00000000d5f80000,0x00000000de080000)
  from space 8704K, 0% used [0x00000000dea00000,0x00000000dea00000,0x00000000df280000)
  to   space 9728K, 0% used [0x00000000de080000,0x00000000de080000,0x00000000dea00000)
 ParOldGen       total 58368K, used 9285K [0x0000000081e00000, 0x0000000085700000, 0x00000000d5f80000)
  object space 58368K, 15% used [0x0000000081e00000,0x0000000082711408,0x0000000085700000)
 Metaspace       used 20883K, capacity 21076K, committed 21248K, reserved 1067008K
  class space    used 2708K, capacity 2764K, committed 2816K, reserved 1048576K
}
Event: 3.856 GC heap before
{Heap before GC invocations=8 (full 1):
 PSYoungGen      total 140800K, used 132096K [0x00000000d5f80000, 0x00000000df480000, 0x0000000100000000)
  eden space 132096K, 100% used [0x00000000d5f80000,0x00000000de080000,0x00000000de080000)
  from space 8704K, 0% used [0x00000000dea00000,0x00000000dea00000,0x00000000df280000)
  to   space 9728K, 0% used [0x00000000de080000,0x00000000de080000,0x00000000dea00000)
 ParOldGen       total 58368K, used 9285K [0x0000000081e00000, 0x0000000085700000, 0x00000000d5f80000)
  object space 58368K, 15% used [0x0000000081e00000,0x0000000082711408,0x0000000085700000)
 Metaspace       used 28575K, capacity 28814K, committed 29312K, reserved 1075200K
  class space    used 3600K, capacity 3643K, committed 3712K, reserved 1048576K
Event: 3.867 GC heap after
Heap after GC invocations=8 (full 1):
 PSYoungGen      total 141824K, used 9710K [0x00000000d5f80000, 0x00000000e4380000, 0x0000000100000000)
  eden space 132096K, 0% used [0x00000000d5f80000,0x00000000d5f80000,0x00000000de080000)
  from space 9728K, 99% used [0x00000000de080000,0x00000000de9fb848,0x00000000dea00000)
  to   space 12288K, 0% used [0x00000000e3780000,0x00000000e3780000,0x00000000e4380000)
 ParOldGen       total 58368K, used 11458K [0x0000000081e00000, 0x0000000085700000, 0x00000000d5f80000)
  object space 58368K, 19% used [0x0000000081e00000,0x0000000082930b70,0x0000000085700000)
 Metaspace       used 28575K, capacity 28814K, committed 29312K, reserved 1075200K
  class space    used 3600K, capacity 3643K, committed 3712K, reserved 1048576K
}
Event: 17.981 GC heap before
{Heap before GC invocations=9 (full 1):
 PSYoungGen      total 141824K, used 141806K [0x00000000d5f80000, 0x00000000e4380000, 0x0000000100000000)
  eden space 132096K, 100% used [0x00000000d5f80000,0x00000000de080000,0x00000000de080000)
  from space 9728K, 99% used [0x00000000de080000,0x00000000de9fb848,0x00000000dea00000)
  to   space 12288K, 0% used [0x00000000e3780000,0x00000000e3780000,0x00000000e4380000)
 ParOldGen       total 58368K, used 11458K [0x0000000081e00000, 0x0000000085700000, 0x00000000d5f80000)
  object space 58368K, 19% used [0x0000000081e00000,0x0000000082930b70,0x0000000085700000)
 Metaspace       used 33537K, capacity 33856K, committed 34304K, reserved 1079296K
  class space    used 4254K, capacity 4340K, committed 4352K, reserved 1048576K
Event: 18.034 GC heap after
Heap after GC invocations=9 (full 1):
 PSYoungGen      total 213504K, used 12279K [0x00000000d5f80000, 0x00000000e4600000, 0x0000000100000000)
  eden space 201216K, 0% used [0x00000000d5f80000,0x00000000d5f80000,0x00000000e2400000)
  from space 12288K, 99% used [0x00000000e3780000,0x00000000e437de50,0x00000000e4380000)
  to   space 17408K, 0% used [0x00000000e2400000,0x00000000e2400000,0x00000000e3500000)
 ParOldGen       total 58368K, used 19368K [0x0000000081e00000, 0x0000000085700000, 0x00000000d5f80000)
  object space 58368K, 33% used [0x0000000081e00000,0x00000000830ea148,0x0000000085700000)
 Metaspace       used 33537K, capacity 33856K, committed 34304K, reserved 1079296K
  class space    used 4254K, capacity 4340K, committed 4352K, reserved 1048576K
}
Event: 32.223 GC heap before
{Heap before GC invocations=10 (full 1):
 PSYoungGen      total 213504K, used 41952K [0x00000000d5f80000, 0x00000000e4600000, 0x0000000100000000)
  eden space 201216K, 14% used [0x00000000d5f80000,0x00000000d7c7a1b0,0x00000000e2400000)
  from space 12288K, 99% used [0x00000000e3780000,0x00000000e437de50,0x00000000e4380000)
  to   space 17408K, 0% used [0x00000000e2400000,0x00000000e2400000,0x00000000e3500000)
 ParOldGen       total 58368K, used 19368K [0x0000000081e00000, 0x0000000085700000, 0x00000000d5f80000)
  object space 58368K, 33% used [0x0000000081e00000,0x00000000830ea148,0x0000000085700000)
 Metaspace       used 34739K, capacity 35072K, committed 35416K, reserved 1081344K
  class space    used 4387K, capacity 4468K, committed 4480K, reserved 1048576K
Event: 32.249 GC heap after
Heap after GC invocations=10 (full 1):
 PSYoungGen      total 218624K, used 16309K [0x00000000d5f80000, 0x00000000e8080000, 0x0000000100000000)
  eden space 201216K, 0% used [0x00000000d5f80000,0x00000000d5f80000,0x00000000e2400000)
  from space 17408K, 93% used [0x00000000e2400000,0x00000000e33ed658,0x00000000e3500000)
  to   space 19456K, 0% used [0x00000000e6d80000,0x00000000e6d80000,0x00000000e8080000)
 ParOldGen       total 58368K, used 19376K [0x0000000081e00000, 0x0000000085700000, 0x00000000d5f80000)
  object space 58368K, 33% used [0x0000000081e00000,0x00000000830ec148,0x0000000085700000)
 Metaspace       used 34739K, capacity 35072K, committed 35416K, reserved 1081344K
  class space    used 4387K, capacity 4468K, committed 4480K, reserved 1048576K
}
Event: 32.249 GC heap before
{Heap before GC invocations=11 (full 2):
 PSYoungGen      total 218624K, used 16309K [0x00000000d5f80000, 0x00000000e8080000, 0x0000000100000000)
  eden space 201216K, 0% used [0x00000000d5f80000,0x00000000d5f80000,0x00000000e2400000)
  from space 17408K, 93% used [0x00000000e2400000,0x00000000e33ed658,0x00000000e3500000)
  to   space 19456K, 0% used [0x00000000e6d80000,0x00000000e6d80000,0x00000000e8080000)
 ParOldGen       total 58368K, used 19376K [0x0000000081e00000, 0x0000000085700000, 0x00000000d5f80000)
  object space 58368K, 33% used [0x0000000081e00000,0x00000000830ec148,0x0000000085700000)
 Metaspace       used 34739K, capacity 35072K, committed 35416K, reserved 1081344K
  class space    used 4387K, capacity 4468K, committed 4480K, reserved 1048576K
Event: 32.356 GC heap after
Heap after GC invocations=11 (full 2):
 PSYoungGen      total 218624K, used 0K [0x00000000d5f80000, 0x00000000e8080000, 0x0000000100000000)
  eden space 201216K, 0% used [0x00000000d5f80000,0x00000000d5f80000,0x00000000e2400000)
  from space 17408K, 0% used [0x00000000e2400000,0x00000000e2400000,0x00000000e3500000)
  to   space 19456K, 0% used [0x00000000e6d80000,0x00000000e6d80000,0x00000000e8080000)
 ParOldGen       total 100864K, used 29114K [0x0000000081e00000, 0x0000000088080000, 0x00000000d5f80000)
  object space 100864K, 28% used [0x0000000081e00000,0x0000000083a6e9b8,0x0000000088080000)
 Metaspace       used 34735K, capacity 35066K, committed 35416K, reserved 1081344K
  class space    used 4386K, capacity 4467K, committed 4480K, reserved 1048576K
}

